Using pre-set license
Built from '2021.3/staging' branch; Version is '2021.3.19f1 (c9714fde33b6) revision 13201743'; Using compiler version '192829333'; Build Type 'Release'
OS: 'Windows 10  (10.0.19045) 64bit Professional' Language: 'en' Physical Memory: 8097 MB
BatchMode: 1, IsHumanControllingUs: 0, StartBugReporterOnCrash: 0, Is64bit: 1, IsPro: 1

COMMAND LINE ARGUMENTS:
C:\Program Files\Unity\Hub\Editor\2021.3.19f1\Editor\Unity.exe
-adb2
-batchMode
-noUpm
-name
AssetImportWorker2
-projectPath
C:/Users/DELL/Desktop/RGJ-2023
-logFile
Logs/AssetImportWorker2.log
-srvPort
49813
Successfully changed project path to: C:/Users/DELL/Desktop/RGJ-2023
C:/Users/DELL/Desktop/RGJ-2023
[UnityMemory] Configuration Parameters - Can be set up in boot.config
    "memorysetup-bucket-allocator-granularity=16"
    "memorysetup-bucket-allocator-bucket-count=8"
    "memorysetup-bucket-allocator-block-size=33554432"
    "memorysetup-bucket-allocator-block-count=8"
    "memorysetup-main-allocator-block-size=16777216"
    "memorysetup-thread-allocator-block-size=16777216"
    "memorysetup-gfx-main-allocator-block-size=16777216"
    "memorysetup-gfx-thread-allocator-block-size=16777216"
    "memorysetup-cache-allocator-block-size=4194304"
    "memorysetup-typetree-allocator-block-size=2097152"
    "memorysetup-profiler-bucket-allocator-granularity=16"
    "memorysetup-profiler-bucket-allocator-bucket-count=8"
    "memorysetup-profiler-bucket-allocator-block-size=33554432"
    "memorysetup-profiler-bucket-allocator-block-count=8"
    "memorysetup-profiler-allocator-block-size=16777216"
    "memorysetup-profiler-editor-allocator-block-size=1048576"
    "memorysetup-temp-allocator-size-main=16777216"
    "memorysetup-job-temp-allocator-block-size=2097152"
    "memorysetup-job-temp-allocator-block-size-background=1048576"
    "memorysetup-job-temp-allocator-reduction-small-platforms=262144"
    "memorysetup-temp-allocator-size-background-worker=32768"
    "memorysetup-temp-allocator-size-job-worker=262144"
    "memorysetup-temp-allocator-size-preload-manager=33554432"
    "memorysetup-temp-allocator-size-nav-mesh-worker=65536"
    "memorysetup-temp-allocator-size-audio-worker=65536"
    "memorysetup-temp-allocator-size-cloud-worker=32768"
    "memorysetup-temp-allocator-size-gi-baking-worker=262144"
    "memorysetup-temp-allocator-size-gfx=262144"
Player connection [8004] Host "[IP] 192.168.100.9 [Port] 0 [Flags] 2 [Guid] 2447215013 [EditorId] 2447215013 [Version] 1048832 [Id] WindowsEditor(7,DESKTOP-8HV4JNL) [Debug] 1 [PackageName] WindowsEditor [ProjectName] Editor" joined multi-casting on [225.0.0.222:54997]...

Player connection [8004] Host "[IP] 192.168.100.9 [Port] 0 [Flags] 2 [Guid] 2447215013 [EditorId] 2447215013 [Version] 1048832 [Id] WindowsEditor(7,DESKTOP-8HV4JNL) [Debug] 1 [PackageName] WindowsEditor [ProjectName] Editor" joined alternative multi-casting on [225.0.0.222:34997]...

Refreshing native plugins compatible for Editor in 432.11 ms, found 3 plugins.
Preloading 0 native plugins for Editor in 0.00 ms.
Initialize engine version: 2021.3.19f1 (c9714fde33b6)
[Subsystems] Discovering subsystems at path C:/Program Files/Unity/Hub/Editor/2021.3.19f1/Editor/Data/Resources/UnitySubsystems
[Subsystems] Discovering subsystems at path C:/Users/DELL/Desktop/RGJ-2023/Assets
GfxDevice: creating device client; threaded=0; jobified=0
Direct3D:
    Version:  Direct3D 11.0 [level 11.1]
    Renderer: Intel(R) HD Graphics Family (ID=0xa16)
    Vendor:   Intel
    VRAM:     2048 MB
    Driver:   20.19.15.4835
Initialize mono
Mono path[0] = 'C:/Program Files/Unity/Hub/Editor/2021.3.19f1/Editor/Data/Managed'
Mono path[1] = 'C:/Program Files/Unity/Hub/Editor/2021.3.19f1/Editor/Data/MonoBleedingEdge/lib/mono/unityjit-win32'
Mono config path = 'C:/Program Files/Unity/Hub/Editor/2021.3.19f1/Editor/Data/MonoBleedingEdge/etc'
Using monoOptions --debugger-agent=transport=dt_socket,embedding=1,server=y,suspend=n,address=127.0.0.1:56988
Begin MonoManager ReloadAssembly
Registering precompiled unity dll's ...
Register platform support module: C:/Program Files/Unity/Hub/Editor/2021.3.19f1/Editor/Data/PlaybackEngines/AndroidPlayer/UnityEditor.Android.Extensions.dll
Register platform support module: C:/Program Files/Unity/Hub/Editor/2021.3.19f1/Editor/Data/PlaybackEngines/WindowsStandaloneSupport/UnityEditor.WindowsStandalone.Extensions.dll
Registered in 0.021543 seconds.
Native extension for WindowsStandalone target not found
Native extension for Android target not found
Android Extension - Scanning For ADB Devices 2419 ms
Refreshing native plugins compatible for Editor in 226.81 ms, found 3 plugins.
Preloading 0 native plugins for Editor in 0.00 ms.
Mono: successfully reloaded assembly
- Completed reload, in  5.305 seconds
Domain Reload Profiling:
	ReloadAssembly (5306ms)
		BeginReloadAssembly (235ms)
			ExecutionOrderSort (0ms)
			DisableScriptedObjects (0ms)
			BackupInstance (0ms)
			ReleaseScriptingObjects (0ms)
			CreateAndSetChildDomain (4ms)
		EndReloadAssembly (4725ms)
			LoadAssemblies (235ms)
			RebuildTransferFunctionScriptingTraits (0ms)
			SetupTypeCache (1015ms)
			ReleaseScriptCaches (0ms)
			RebuildScriptCaches (118ms)
			SetupLoadedEditorAssemblies (3403ms)
				LogAssemblyErrors (0ms)
				InitializePlatformSupportModulesInManaged (2817ms)
				SetLoadedEditorAssemblies (1ms)
				RefreshPlugins (227ms)
				BeforeProcessingInitializeOnLoad (6ms)
				ProcessInitializeOnLoadAttributes (239ms)
				ProcessInitializeOnLoadMethodAttributes (112ms)
				AfterProcessingInitializeOnLoad (0ms)
				EditorAssembliesLoaded (0ms)
			ExecutionOrderSort2 (0ms)
			AwakeInstancesAfterBackupRestoration (0ms)
Platform modules already initialized, skipping
Registering precompiled user dll's ...
Registered in 0.013470 seconds.
Begin MonoManager ReloadAssembly
Native extension for WindowsStandalone target not found
Native extension for Android target not found
Refreshing native plugins compatible for Editor in 229.13 ms, found 3 plugins.
Preloading 0 native plugins for Editor in 0.00 ms.
Mono: successfully reloaded assembly
- Completed reload, in  3.826 seconds
Domain Reload Profiling:
	ReloadAssembly (3828ms)
		BeginReloadAssembly (423ms)
			ExecutionOrderSort (0ms)
			DisableScriptedObjects (23ms)
			BackupInstance (0ms)
			ReleaseScriptingObjects (2ms)
			CreateAndSetChildDomain (73ms)
		EndReloadAssembly (3032ms)
			LoadAssemblies (277ms)
			RebuildTransferFunctionScriptingTraits (0ms)
			SetupTypeCache (913ms)
			ReleaseScriptCaches (1ms)
			RebuildScriptCaches (165ms)
			SetupLoadedEditorAssemblies (1460ms)
				LogAssemblyErrors (0ms)
				InitializePlatformSupportModulesInManaged (55ms)
				SetLoadedEditorAssemblies (0ms)
				RefreshPlugins (229ms)
				BeforeProcessingInitializeOnLoad (222ms)
				ProcessInitializeOnLoadAttributes (848ms)
				ProcessInitializeOnLoadMethodAttributes (58ms)
				AfterProcessingInitializeOnLoad (47ms)
				EditorAssembliesLoaded (2ms)
			ExecutionOrderSort2 (0ms)
			AwakeInstancesAfterBackupRestoration (35ms)
Platform modules already initialized, skipping
========================================================================
Worker process is ready to serve import requests
Launched and connected shader compiler UnityShaderCompiler.exe after 0.13 seconds
Refreshing native plugins compatible for Editor in 1.24 ms, found 3 plugins.
Preloading 0 native plugins for Editor in 0.00 ms.
Unloading 3406 Unused Serialized files (Serialized files now loaded: 0)
Unloading 27 unused Assets / (113.5 KB). Loaded Objects now: 3871.
Memory consumption went from 121.8 MB to 121.7 MB.
Total: 11.710900 ms (FindLiveObjects: 0.904500 ms CreateObjectMapping: 0.375800 ms MarkObjects: 10.097200 ms  DeleteObjects: 0.330000 ms)

AssetImportParameters requested are different than current active one (requested -> active):
  custom:video-decoder-ogg-theora: a1e56fd34408186e4bbccfd4996cb3dc -> 
  custom:container-muxer-webm: aa71ff27fc2769a1b78a27578f13a17b -> 
  custom:container-demuxer-webm: 4f35f7cbe854078d1ac9338744f61a02 -> 
  custom:video-encoder-webm-vp8: eb34c28f22e8b96e1ab97ce403110664 -> 
  custom:audio-encoder-webm-vorbis: bf7c407c2cedff20999df2af8eb42d56 -> 
  custom:framework-win-MediaFoundation: 216162199b28c13a410421893ffa2e32 -> 
  custom:container-demuxer-ogg: 62fdf1f143b41e24485cea50d1cbac27 -> 
  custom:video-decoder-webm-vp8: 9c59270c3fd7afecdb556c50c9e8de78 -> 
  custom:audio-decoder-ogg-vorbis: bf7c407c2cedff20999df2af8eb42d56 -> 
========================================================================
Received Import Request.
  Time since last request: 1567.334175 seconds.
  path: Assets/Scripts/PlayerMovement.cs
  artifactKey: Guid(4d58da38be477514f840388f02bae26f) Importer(815301076,1909f56bfc062723c751e8b465ee728b)
Start importing Assets/Scripts/PlayerMovement.cs using Guid(4d58da38be477514f840388f02bae26f) Importer(815301076,1909f56bfc062723c751e8b465ee728b)  -> (artifact id: '64ec6cf6b35719565699cb52f45dbdab') in 0.098453 seconds 
========================================================================
Received Prepare
Registering precompiled user dll's ...
Registered in 0.022167 seconds.
Begin MonoManager ReloadAssembly
Native extension for WindowsStandalone target not found
Native extension for Android target not found
Refreshing native plugins compatible for Editor in 1.14 ms, found 3 plugins.
Preloading 0 native plugins for Editor in 0.00 ms.
Mono: successfully reloaded assembly
- Completed reload, in  3.062 seconds
Domain Reload Profiling:
	ReloadAssembly (3064ms)
		BeginReloadAssembly (480ms)
			ExecutionOrderSort (0ms)
			DisableScriptedObjects (31ms)
			BackupInstance (0ms)
			ReleaseScriptingObjects (0ms)
			CreateAndSetChildDomain (93ms)
		EndReloadAssembly (2279ms)
			LoadAssemblies (306ms)
			RebuildTransferFunctionScriptingTraits (1ms)
			SetupTypeCache (925ms)
			ReleaseScriptCaches (3ms)
			RebuildScriptCaches (83ms)
			SetupLoadedEditorAssemblies (922ms)
				LogAssemblyErrors (0ms)
				InitializePlatformSupportModulesInManaged (66ms)
				SetLoadedEditorAssemblies (1ms)
				RefreshPlugins (1ms)
				BeforeProcessingInitializeOnLoad (179ms)
				ProcessInitializeOnLoadAttributes (595ms)
				ProcessInitializeOnLoadMethodAttributes (52ms)
				AfterProcessingInitializeOnLoad (27ms)
				EditorAssembliesLoaded (0ms)
			ExecutionOrderSort2 (0ms)
			AwakeInstancesAfterBackupRestoration (15ms)
Platform modules already initialized, skipping
Refreshing native plugins compatible for Editor in 4.20 ms, found 3 plugins.
Preloading 0 native plugins for Editor in 0.00 ms.
Unloading 3401 Unused Serialized files (Serialized files now loaded: 0)
Unloading 18 unused Assets / (79.8 KB). Loaded Objects now: 3874.
Memory consumption went from 121.6 MB to 121.5 MB.
Total: 7.610000 ms (FindLiveObjects: 0.542200 ms CreateObjectMapping: 0.260700 ms MarkObjects: 6.649400 ms  DeleteObjects: 0.155900 ms)

AssetImportParameters requested are different than current active one (requested -> active):
  custom:video-decoder-ogg-theora: a1e56fd34408186e4bbccfd4996cb3dc -> 
  custom:container-muxer-webm: aa71ff27fc2769a1b78a27578f13a17b -> 
  custom:container-demuxer-webm: 4f35f7cbe854078d1ac9338744f61a02 -> 
  custom:video-encoder-webm-vp8: eb34c28f22e8b96e1ab97ce403110664 -> 
  custom:audio-encoder-webm-vorbis: bf7c407c2cedff20999df2af8eb42d56 -> 
  custom:framework-win-MediaFoundation: 216162199b28c13a410421893ffa2e32 -> 
  custom:container-demuxer-ogg: 62fdf1f143b41e24485cea50d1cbac27 -> 
  custom:video-decoder-webm-vp8: 9c59270c3fd7afecdb556c50c9e8de78 -> 
  custom:audio-decoder-ogg-vorbis: bf7c407c2cedff20999df2af8eb42d56 -> 
========================================================================
Received Import Request.
  Time since last request: 15.527821 seconds.
  path: Assets/Scripts/PlayerMovement.cs
  artifactKey: Guid(4d58da38be477514f840388f02bae26f) Importer(815301076,1909f56bfc062723c751e8b465ee728b)
Start importing Assets/Scripts/PlayerMovement.cs using Guid(4d58da38be477514f840388f02bae26f) Importer(815301076,1909f56bfc062723c751e8b465ee728b)  -> (artifact id: '9a51d326e84cb5538b48122211da0f20') in 0.059008 seconds 
========================================================================
Received Import Request.
  Time since last request: 23.683439 seconds.
  path: Assets/Scripts/PlayerMovement.cs
  artifactKey: Guid(4d58da38be477514f840388f02bae26f) Importer(815301076,1909f56bfc062723c751e8b465ee728b)
Start importing Assets/Scripts/PlayerMovement.cs using Guid(4d58da38be477514f840388f02bae26f) Importer(815301076,1909f56bfc062723c751e8b465ee728b)  -> (artifact id: '0ffbd2eea4f295169512ead3e331c2b7') in 0.021815 seconds 
========================================================================
Received Prepare
Registering precompiled user dll's ...
Registered in 0.017777 seconds.
Begin MonoManager ReloadAssembly
Native extension for WindowsStandalone target not found
Native extension for Android target not found
Refreshing native plugins compatible for Editor in 0.97 ms, found 3 plugins.
Preloading 0 native plugins for Editor in 0.00 ms.
Mono: successfully reloaded assembly
- Completed reload, in  4.140 seconds
Domain Reload Profiling:
	ReloadAssembly (4142ms)
		BeginReloadAssembly (1102ms)
			ExecutionOrderSort (0ms)
			DisableScriptedObjects (15ms)
			BackupInstance (0ms)
			ReleaseScriptingObjects (0ms)
			CreateAndSetChildDomain (834ms)
		EndReloadAssembly (2744ms)
			LoadAssemblies (229ms)
			RebuildTransferFunctionScriptingTraits (0ms)
			SetupTypeCache (1020ms)
			ReleaseScriptCaches (3ms)
			RebuildScriptCaches (98ms)
			SetupLoadedEditorAssemblies (1009ms)
				LogAssemblyErrors (0ms)
				InitializePlatformSupportModulesInManaged (66ms)
				SetLoadedEditorAssemblies (1ms)
				RefreshPlugins (1ms)
				BeforeProcessingInitializeOnLoad (190ms)
				ProcessInitializeOnLoadAttributes (683ms)
				ProcessInitializeOnLoadMethodAttributes (47ms)
				AfterProcessingInitializeOnLoad (21ms)
				EditorAssembliesLoaded (0ms)
			ExecutionOrderSort2 (0ms)
			AwakeInstancesAfterBackupRestoration (18ms)
Platform modules already initialized, skipping
Refreshing native plugins compatible for Editor in 6.80 ms, found 3 plugins.
Preloading 0 native plugins for Editor in 0.00 ms.
Unloading 3401 Unused Serialized files (Serialized files now loaded: 0)
Unloading 18 unused Assets / (79.9 KB). Loaded Objects now: 3877.
Memory consumption went from 121.6 MB to 121.5 MB.
Total: 13.536300 ms (FindLiveObjects: 0.564200 ms CreateObjectMapping: 4.456400 ms MarkObjects: 8.348400 ms  DeleteObjects: 0.165000 ms)

AssetImportParameters requested are different than current active one (requested -> active):
  custom:video-decoder-ogg-theora: a1e56fd34408186e4bbccfd4996cb3dc -> 
  custom:container-muxer-webm: aa71ff27fc2769a1b78a27578f13a17b -> 
  custom:container-demuxer-webm: 4f35f7cbe854078d1ac9338744f61a02 -> 
  custom:video-encoder-webm-vp8: eb34c28f22e8b96e1ab97ce403110664 -> 
  custom:audio-encoder-webm-vorbis: bf7c407c2cedff20999df2af8eb42d56 -> 
  custom:framework-win-MediaFoundation: 216162199b28c13a410421893ffa2e32 -> 
  custom:container-demuxer-ogg: 62fdf1f143b41e24485cea50d1cbac27 -> 
  custom:video-decoder-webm-vp8: 9c59270c3fd7afecdb556c50c9e8de78 -> 
  custom:audio-decoder-ogg-vorbis: bf7c407c2cedff20999df2af8eb42d56 -> 
========================================================================
Received Prepare
Registering precompiled user dll's ...
Registered in 0.020428 seconds.
Begin MonoManager ReloadAssembly
Native extension for WindowsStandalone target not found
Native extension for Android target not found
Refreshing native plugins compatible for Editor in 4.31 ms, found 3 plugins.
Preloading 0 native plugins for Editor in 0.00 ms.
Mono: successfully reloaded assembly
- Completed reload, in 10.437 seconds
Domain Reload Profiling:
	ReloadAssembly (10439ms)
		BeginReloadAssembly (500ms)
			ExecutionOrderSort (0ms)
			DisableScriptedObjects (21ms)
			BackupInstance (0ms)
			ReleaseScriptingObjects (0ms)
			CreateAndSetChildDomain (115ms)
		EndReloadAssembly (9200ms)
			LoadAssemblies (440ms)
			RebuildTransferFunctionScriptingTraits (0ms)
			SetupTypeCache (2523ms)
			ReleaseScriptCaches (5ms)
			RebuildScriptCaches (381ms)
			SetupLoadedEditorAssemblies (4405ms)
				LogAssemblyErrors (0ms)
				InitializePlatformSupportModulesInManaged (241ms)
				SetLoadedEditorAssemblies (4ms)
				RefreshPlugins (4ms)
				BeforeProcessingInitializeOnLoad (522ms)
				ProcessInitializeOnLoadAttributes (2604ms)
				ProcessInitializeOnLoadMethodAttributes (739ms)
				AfterProcessingInitializeOnLoad (289ms)
				EditorAssembliesLoaded (1ms)
			ExecutionOrderSort2 (0ms)
			AwakeInstancesAfterBackupRestoration (170ms)
Platform modules already initialized, skipping
Refreshing native plugins compatible for Editor in 28.48 ms, found 3 plugins.
Preloading 0 native plugins for Editor in 0.00 ms.
Unloading 3401 Unused Serialized files (Serialized files now loaded: 0)
Unloading 18 unused Assets / (79.9 KB). Loaded Objects now: 3880.
Memory consumption went from 121.6 MB to 121.5 MB.
Total: 18.041200 ms (FindLiveObjects: 0.764900 ms CreateObjectMapping: 1.203300 ms MarkObjects: 15.440400 ms  DeleteObjects: 0.629400 ms)

AssetImportParameters requested are different than current active one (requested -> active):
  custom:video-decoder-ogg-theora: a1e56fd34408186e4bbccfd4996cb3dc -> 
  custom:container-muxer-webm: aa71ff27fc2769a1b78a27578f13a17b -> 
  custom:container-demuxer-webm: 4f35f7cbe854078d1ac9338744f61a02 -> 
  custom:video-encoder-webm-vp8: eb34c28f22e8b96e1ab97ce403110664 -> 
  custom:audio-encoder-webm-vorbis: bf7c407c2cedff20999df2af8eb42d56 -> 
  custom:framework-win-MediaFoundation: 216162199b28c13a410421893ffa2e32 -> 
  custom:container-demuxer-ogg: 62fdf1f143b41e24485cea50d1cbac27 -> 
  custom:video-decoder-webm-vp8: 9c59270c3fd7afecdb556c50c9e8de78 -> 
  custom:audio-decoder-ogg-vorbis: bf7c407c2cedff20999df2af8eb42d56 -> 
========================================================================
Received Prepare
Registering precompiled user dll's ...
Registered in 0.012117 seconds.
Begin MonoManager ReloadAssembly
Native extension for WindowsStandalone target not found
Native extension for Android target not found
Refreshing native plugins compatible for Editor in 8.27 ms, found 3 plugins.
Preloading 0 native plugins for Editor in 0.00 ms.
Mono: successfully reloaded assembly
- Completed reload, in 19.130 seconds
Domain Reload Profiling:
	ReloadAssembly (19142ms)
		BeginReloadAssembly (1826ms)
			ExecutionOrderSort (0ms)
			DisableScriptedObjects (24ms)
			BackupInstance (0ms)
			ReleaseScriptingObjects (0ms)
			CreateAndSetChildDomain (652ms)
		EndReloadAssembly (15643ms)
			LoadAssemblies (1233ms)
			RebuildTransferFunctionScriptingTraits (0ms)
			SetupTypeCache (4806ms)
			ReleaseScriptCaches (20ms)
			RebuildScriptCaches (651ms)
			SetupLoadedEditorAssemblies (7643ms)
				LogAssemblyErrors (0ms)
				InitializePlatformSupportModulesInManaged (366ms)
				SetLoadedEditorAssemblies (27ms)
				RefreshPlugins (8ms)
				BeforeProcessingInitializeOnLoad (1099ms)
				ProcessInitializeOnLoadAttributes (5464ms)
				ProcessInitializeOnLoadMethodAttributes (418ms)
				AfterProcessingInitializeOnLoad (260ms)
				EditorAssembliesLoaded (0ms)
			ExecutionOrderSort2 (0ms)
			AwakeInstancesAfterBackupRestoration (187ms)
Platform modules already initialized, skipping
Refreshing native plugins compatible for Editor in 67.84 ms, found 3 plugins.
Preloading 0 native plugins for Editor in 0.00 ms.
Unloading 3401 Unused Serialized files (Serialized files now loaded: 0)
Unloading 18 unused Assets / (79.9 KB). Loaded Objects now: 3883.
Memory consumption went from 121.6 MB to 121.6 MB.
Total: 39.048700 ms (FindLiveObjects: 1.906700 ms CreateObjectMapping: 2.598200 ms MarkObjects: 34.116100 ms  DeleteObjects: 0.425400 ms)

AssetImportParameters requested are different than current active one (requested -> active):
  custom:video-decoder-ogg-theora: a1e56fd34408186e4bbccfd4996cb3dc -> 
  custom:container-muxer-webm: aa71ff27fc2769a1b78a27578f13a17b -> 
  custom:container-demuxer-webm: 4f35f7cbe854078d1ac9338744f61a02 -> 
  custom:video-encoder-webm-vp8: eb34c28f22e8b96e1ab97ce403110664 -> 
  custom:audio-encoder-webm-vorbis: bf7c407c2cedff20999df2af8eb42d56 -> 
  custom:framework-win-MediaFoundation: 216162199b28c13a410421893ffa2e32 -> 
  custom:container-demuxer-ogg: 62fdf1f143b41e24485cea50d1cbac27 -> 
  custom:video-decoder-webm-vp8: 9c59270c3fd7afecdb556c50c9e8de78 -> 
  custom:audio-decoder-ogg-vorbis: bf7c407c2cedff20999df2af8eb42d56 -> 
========================================================================
Received Prepare
Registering precompiled user dll's ...
Registered in 0.014724 seconds.
Begin MonoManager ReloadAssembly
Native extension for WindowsStandalone target not found
Native extension for Android target not found
Refreshing native plugins compatible for Editor in 12.62 ms, found 3 plugins.
Preloading 0 native plugins for Editor in 0.00 ms.
Mono: successfully reloaded assembly
- Completed reload, in 18.540 seconds
Domain Reload Profiling:
	ReloadAssembly (18543ms)
		BeginReloadAssembly (614ms)
			ExecutionOrderSort (0ms)
			DisableScriptedObjects (27ms)
			BackupInstance (0ms)
			ReleaseScriptingObjects (0ms)
			CreateAndSetChildDomain (191ms)
		EndReloadAssembly (15901ms)
			LoadAssemblies (535ms)
			RebuildTransferFunctionScriptingTraits (0ms)
			SetupTypeCache (4534ms)
			ReleaseScriptCaches (11ms)
			RebuildScriptCaches (922ms)
			SetupLoadedEditorAssemblies (7621ms)
				LogAssemblyErrors (0ms)
				InitializePlatformSupportModulesInManaged (600ms)
				SetLoadedEditorAssemblies (6ms)
				RefreshPlugins (13ms)
				BeforeProcessingInitializeOnLoad (1239ms)
				ProcessInitializeOnLoadAttributes (5059ms)
				ProcessInitializeOnLoadMethodAttributes (305ms)
				AfterProcessingInitializeOnLoad (398ms)
				EditorAssembliesLoaded (1ms)
			ExecutionOrderSort2 (0ms)
			AwakeInstancesAfterBackupRestoration (94ms)
Platform modules already initialized, skipping
Refreshing native plugins compatible for Editor in 37.13 ms, found 3 plugins.
Preloading 0 native plugins for Editor in 0.00 ms.
Unloading 3401 Unused Serialized files (Serialized files now loaded: 0)
Unloading 18 unused Assets / (79.7 KB). Loaded Objects now: 3886.
Memory consumption went from 121.6 MB to 121.6 MB.
Total: 21.182200 ms (FindLiveObjects: 0.896300 ms CreateObjectMapping: 0.649700 ms MarkObjects: 19.434900 ms  DeleteObjects: 0.199200 ms)

AssetImportParameters requested are different than current active one (requested -> active):
  custom:video-decoder-ogg-theora: a1e56fd34408186e4bbccfd4996cb3dc -> 
  custom:container-muxer-webm: aa71ff27fc2769a1b78a27578f13a17b -> 
  custom:container-demuxer-webm: 4f35f7cbe854078d1ac9338744f61a02 -> 
  custom:video-encoder-webm-vp8: eb34c28f22e8b96e1ab97ce403110664 -> 
  custom:audio-encoder-webm-vorbis: bf7c407c2cedff20999df2af8eb42d56 -> 
  custom:framework-win-MediaFoundation: 216162199b28c13a410421893ffa2e32 -> 
  custom:container-demuxer-ogg: 62fdf1f143b41e24485cea50d1cbac27 -> 
  custom:video-decoder-webm-vp8: 9c59270c3fd7afecdb556c50c9e8de78 -> 
  custom:audio-decoder-ogg-vorbis: bf7c407c2cedff20999df2af8eb42d56 -> 
========================================================================
Received Prepare
Registering precompiled user dll's ...
Registered in 0.012571 seconds.
Begin MonoManager ReloadAssembly
Native extension for WindowsStandalone target not found
Native extension for Android target not found
Refreshing native plugins compatible for Editor in 1.37 ms, found 3 plugins.
Preloading 0 native plugins for Editor in 0.00 ms.
Mono: successfully reloaded assembly
- Completed reload, in  3.444 seconds
Domain Reload Profiling:
	ReloadAssembly (3445ms)
		BeginReloadAssembly (321ms)
			ExecutionOrderSort (0ms)
			DisableScriptedObjects (18ms)
			BackupInstance (0ms)
			ReleaseScriptingObjects (0ms)
			CreateAndSetChildDomain (90ms)
		EndReloadAssembly (2870ms)
			LoadAssemblies (194ms)
			RebuildTransferFunctionScriptingTraits (0ms)
			SetupTypeCache (857ms)
			ReleaseScriptCaches (4ms)
			RebuildScriptCaches (166ms)
			SetupLoadedEditorAssemblies (1314ms)
				LogAssemblyErrors (0ms)
				InitializePlatformSupportModulesInManaged (92ms)
				SetLoadedEditorAssemblies (3ms)
				RefreshPlugins (2ms)
				BeforeProcessingInitializeOnLoad (215ms)
				ProcessInitializeOnLoadAttributes (894ms)
				ProcessInitializeOnLoadMethodAttributes (75ms)
				AfterProcessingInitializeOnLoad (32ms)
				EditorAssembliesLoaded (1ms)
			ExecutionOrderSort2 (0ms)
			AwakeInstancesAfterBackupRestoration (23ms)
Platform modules already initialized, skipping
Refreshing native plugins compatible for Editor in 7.17 ms, found 3 plugins.
Preloading 0 native plugins for Editor in 0.00 ms.
Unloading 3401 Unused Serialized files (Serialized files now loaded: 0)
Unloading 18 unused Assets / (79.9 KB). Loaded Objects now: 3889.
Memory consumption went from 121.6 MB to 121.6 MB.
Total: 19.588800 ms (FindLiveObjects: 0.726100 ms CreateObjectMapping: 0.322100 ms MarkObjects: 18.356200 ms  DeleteObjects: 0.182700 ms)

AssetImportParameters requested are different than current active one (requested -> active):
  custom:video-decoder-ogg-theora: a1e56fd34408186e4bbccfd4996cb3dc -> 
  custom:container-muxer-webm: aa71ff27fc2769a1b78a27578f13a17b -> 
  custom:container-demuxer-webm: 4f35f7cbe854078d1ac9338744f61a02 -> 
  custom:video-encoder-webm-vp8: eb34c28f22e8b96e1ab97ce403110664 -> 
  custom:audio-encoder-webm-vorbis: bf7c407c2cedff20999df2af8eb42d56 -> 
  custom:framework-win-MediaFoundation: 216162199b28c13a410421893ffa2e32 -> 
  custom:container-demuxer-ogg: 62fdf1f143b41e24485cea50d1cbac27 -> 
  custom:video-decoder-webm-vp8: 9c59270c3fd7afecdb556c50c9e8de78 -> 
  custom:audio-decoder-ogg-vorbis: bf7c407c2cedff20999df2af8eb42d56 -> 
========================================================================
Received Import Request.
  Time since last request: 2038.940123 seconds.
  path: Assets/ToonyTinyPeople/TT_demo/models/TT_demo_female.FBX
  artifactKey: Guid(3cefbbfe8c81fbb4283daa116169ef21) Importer(815301076,1909f56bfc062723c751e8b465ee728b)
Start importing Assets/ToonyTinyPeople/TT_demo/models/TT_demo_female.FBX using Guid(3cefbbfe8c81fbb4283daa116169ef21) Importer(815301076,1909f56bfc062723c751e8b465ee728b)  -> (artifact id: '70406d1c1bf898c578bc3a5088b2362c') in 0.405226 seconds 
========================================================================
Received Import Request.
  Time since last request: 0.000047 seconds.
  path: Assets/ToonyTinyPeople/TT_demo/models/TT_demo_zombie.FBX
  artifactKey: Guid(f88c8301226fd194cbbc64e25b20d567) Importer(815301076,1909f56bfc062723c751e8b465ee728b)
Start importing Assets/ToonyTinyPeople/TT_demo/models/TT_demo_zombie.FBX using Guid(f88c8301226fd194cbbc64e25b20d567) Importer(815301076,1909f56bfc062723c751e8b465ee728b)  -> (artifact id: 'df8a9c95cd0841feef782ec5d3b7a265') in 0.093643 seconds 
========================================================================
Received Import Request.
  Time since last request: 0.000058 seconds.
  path: Assets/ToonyTinyPeople/TT_demo/models/TT_demo_police.FBX
  artifactKey: Guid(fdfb5e1c4a1b339489c0eddebb1ab872) Importer(815301076,1909f56bfc062723c751e8b465ee728b)
Start importing Assets/ToonyTinyPeople/TT_demo/models/TT_demo_police.FBX using Guid(fdfb5e1c4a1b339489c0eddebb1ab872) Importer(815301076,1909f56bfc062723c751e8b465ee728b)  -> (artifact id: '7513e04e2de932464724b83ea471f520') in 0.076763 seconds 
========================================================================
Received Import Request.
  Time since last request: 6.791052 seconds.
  path: Assets/ToonyTinyPeople/TT_demo/sample_scene/ground.mat
  artifactKey: Guid(434413e1195066545a96066e385c44e8) Importer(815301076,1909f56bfc062723c751e8b465ee728b)
Start importing Assets/ToonyTinyPeople/TT_demo/sample_scene/ground.mat using Guid(434413e1195066545a96066e385c44e8) Importer(815301076,1909f56bfc062723c751e8b465ee728b)  -> (artifact id: '14eb029ca3ee52cc5acbe3deb93eee55') in 0.103042 seconds 
========================================================================
Received Prepare
Registering precompiled user dll's ...
Registered in 0.012597 seconds.
Begin MonoManager ReloadAssembly
Native extension for WindowsStandalone target not found
Native extension for Android target not found
Refreshing native plugins compatible for Editor in 14.30 ms, found 3 plugins.
Preloading 0 native plugins for Editor in 0.00 ms.
Mono: successfully reloaded assembly
- Completed reload, in  6.017 seconds
Domain Reload Profiling:
	ReloadAssembly (6021ms)
		BeginReloadAssembly (335ms)
			ExecutionOrderSort (0ms)
			DisableScriptedObjects (12ms)
			BackupInstance (0ms)
			ReleaseScriptingObjects (0ms)
			CreateAndSetChildDomain (90ms)
		EndReloadAssembly (5382ms)
			LoadAssemblies (234ms)
			RebuildTransferFunctionScriptingTraits (0ms)
			SetupTypeCache (1817ms)
			ReleaseScriptCaches (7ms)
			RebuildScriptCaches (279ms)
			SetupLoadedEditorAssemblies (2442ms)
				LogAssemblyErrors (0ms)
				InitializePlatformSupportModulesInManaged (251ms)
				SetLoadedEditorAssemblies (4ms)
				RefreshPlugins (16ms)
				BeforeProcessingInitializeOnLoad (424ms)
				ProcessInitializeOnLoadAttributes (1584ms)
				ProcessInitializeOnLoadMethodAttributes (115ms)
				AfterProcessingInitializeOnLoad (48ms)
				EditorAssembliesLoaded (1ms)
			ExecutionOrderSort2 (0ms)
			AwakeInstancesAfterBackupRestoration (35ms)
Platform modules already initialized, skipping
Refreshing native plugins compatible for Editor in 16.63 ms, found 3 plugins.
Preloading 0 native plugins for Editor in 0.00 ms.
Unloading 3401 Unused Serialized files (Serialized files now loaded: 0)
Unloading 18 unused Assets / (80.1 KB). Loaded Objects now: 3937.
Memory consumption went from 138.9 MB to 138.9 MB.
Total: 24.399100 ms (FindLiveObjects: 3.510700 ms CreateObjectMapping: 2.070500 ms MarkObjects: 18.419700 ms  DeleteObjects: 0.202800 ms)

AssetImportParameters requested are different than current active one (requested -> active):
  custom:video-decoder-ogg-theora: a1e56fd34408186e4bbccfd4996cb3dc -> 
  custom:container-muxer-webm: aa71ff27fc2769a1b78a27578f13a17b -> 
  custom:container-demuxer-webm: 4f35f7cbe854078d1ac9338744f61a02 -> 
  custom:video-encoder-webm-vp8: eb34c28f22e8b96e1ab97ce403110664 -> 
  custom:audio-encoder-webm-vorbis: bf7c407c2cedff20999df2af8eb42d56 -> 
  custom:framework-win-MediaFoundation: 216162199b28c13a410421893ffa2e32 -> 
  custom:container-demuxer-ogg: 62fdf1f143b41e24485cea50d1cbac27 -> 
  custom:video-decoder-webm-vp8: 9c59270c3fd7afecdb556c50c9e8de78 -> 
  custom:audio-decoder-ogg-vorbis: bf7c407c2cedff20999df2af8eb42d56 -> 
========================================================================
Received Prepare
Registering precompiled user dll's ...
Registered in 0.014153 seconds.
Begin MonoManager ReloadAssembly
Native extension for WindowsStandalone target not found
Native extension for Android target not found
Refreshing native plugins compatible for Editor in 2.39 ms, found 3 plugins.
Preloading 0 native plugins for Editor in 0.00 ms.
Mono: successfully reloaded assembly
- Completed reload, in  5.310 seconds
Domain Reload Profiling:
	ReloadAssembly (5313ms)
		BeginReloadAssembly (604ms)
			ExecutionOrderSort (0ms)
			DisableScriptedObjects (34ms)
			BackupInstance (0ms)
			ReleaseScriptingObjects (1ms)
			CreateAndSetChildDomain (170ms)
		EndReloadAssembly (4193ms)
			LoadAssemblies (399ms)
			RebuildTransferFunctionScriptingTraits (0ms)
			SetupTypeCache (1407ms)
			ReleaseScriptCaches (6ms)
			RebuildScriptCaches (253ms)
			SetupLoadedEditorAssemblies (1723ms)
				LogAssemblyErrors (0ms)
				InitializePlatformSupportModulesInManaged (129ms)
				SetLoadedEditorAssemblies (3ms)
				RefreshPlugins (3ms)
				BeforeProcessingInitializeOnLoad (276ms)
				ProcessInitializeOnLoadAttributes (1185ms)
				ProcessInitializeOnLoadMethodAttributes (88ms)
				AfterProcessingInitializeOnLoad (40ms)
				EditorAssembliesLoaded (0ms)
			ExecutionOrderSort2 (0ms)
			AwakeInstancesAfterBackupRestoration (29ms)
Platform modules already initialized, skipping
Refreshing native plugins compatible for Editor in 9.33 ms, found 3 plugins.
Preloading 0 native plugins for Editor in 0.00 ms.
Unloading 3401 Unused Serialized files (Serialized files now loaded: 0)
Unloading 18 unused Assets / (80.2 KB). Loaded Objects now: 3940.
Memory consumption went from 139.0 MB to 138.9 MB.
Total: 17.594200 ms (FindLiveObjects: 5.662300 ms CreateObjectMapping: 1.032800 ms MarkObjects: 10.650100 ms  DeleteObjects: 0.228800 ms)

AssetImportParameters requested are different than current active one (requested -> active):
  custom:video-decoder-ogg-theora: a1e56fd34408186e4bbccfd4996cb3dc -> 
  custom:container-muxer-webm: aa71ff27fc2769a1b78a27578f13a17b -> 
  custom:container-demuxer-webm: 4f35f7cbe854078d1ac9338744f61a02 -> 
  custom:video-encoder-webm-vp8: eb34c28f22e8b96e1ab97ce403110664 -> 
  custom:audio-encoder-webm-vorbis: bf7c407c2cedff20999df2af8eb42d56 -> 
  custom:framework-win-MediaFoundation: 216162199b28c13a410421893ffa2e32 -> 
  custom:container-demuxer-ogg: 62fdf1f143b41e24485cea50d1cbac27 -> 
  custom:video-decoder-webm-vp8: 9c59270c3fd7afecdb556c50c9e8de78 -> 
  custom:audio-decoder-ogg-vorbis: bf7c407c2cedff20999df2af8eb42d56 -> 
========================================================================
Received Prepare
Registering precompiled user dll's ...
Registered in 0.008301 seconds.
Begin MonoManager ReloadAssembly
Native extension for WindowsStandalone target not found
Native extension for Android target not found
Refreshing native plugins compatible for Editor in 1.46 ms, found 3 plugins.
Preloading 0 native plugins for Editor in 0.00 ms.
Mono: successfully reloaded assembly
- Completed reload, in  4.475 seconds
Domain Reload Profiling:
	ReloadAssembly (4477ms)
		BeginReloadAssembly (307ms)
			ExecutionOrderSort (0ms)
			DisableScriptedObjects (13ms)
			BackupInstance (0ms)
			ReleaseScriptingObjects (0ms)
			CreateAndSetChildDomain (83ms)
		EndReloadAssembly (3914ms)
			LoadAssemblies (201ms)
			RebuildTransferFunctionScriptingTraits (0ms)
			SetupTypeCache (1104ms)
			ReleaseScriptCaches (6ms)
			RebuildScriptCaches (227ms)
			SetupLoadedEditorAssemblies (1878ms)
				LogAssemblyErrors (0ms)
				InitializePlatformSupportModulesInManaged (144ms)
				SetLoadedEditorAssemblies (2ms)
				RefreshPlugins (2ms)
				BeforeProcessingInitializeOnLoad (314ms)
				ProcessInitializeOnLoadAttributes (1273ms)
				ProcessInitializeOnLoadMethodAttributes (93ms)
				AfterProcessingInitializeOnLoad (50ms)
				EditorAssembliesLoaded (0ms)
			ExecutionOrderSort2 (0ms)
			AwakeInstancesAfterBackupRestoration (22ms)
Platform modules already initialized, skipping
Refreshing native plugins compatible for Editor in 16.80 ms, found 3 plugins.
Preloading 0 native plugins for Editor in 0.00 ms.
Unloading 3401 Unused Serialized files (Serialized files now loaded: 0)
Unloading 18 unused Assets / (80.3 KB). Loaded Objects now: 3943.
Memory consumption went from 139.0 MB to 138.9 MB.
Total: 21.639900 ms (FindLiveObjects: 3.614500 ms CreateObjectMapping: 1.657600 ms MarkObjects: 15.826000 ms  DeleteObjects: 0.536900 ms)

AssetImportParameters requested are different than current active one (requested -> active):
  custom:video-decoder-ogg-theora: a1e56fd34408186e4bbccfd4996cb3dc -> 
  custom:container-muxer-webm: aa71ff27fc2769a1b78a27578f13a17b -> 
  custom:container-demuxer-webm: 4f35f7cbe854078d1ac9338744f61a02 -> 
  custom:video-encoder-webm-vp8: eb34c28f22e8b96e1ab97ce403110664 -> 
  custom:audio-encoder-webm-vorbis: bf7c407c2cedff20999df2af8eb42d56 -> 
  custom:framework-win-MediaFoundation: 216162199b28c13a410421893ffa2e32 -> 
  custom:container-demuxer-ogg: 62fdf1f143b41e24485cea50d1cbac27 -> 
  custom:video-decoder-webm-vp8: 9c59270c3fd7afecdb556c50c9e8de78 -> 
  custom:audio-decoder-ogg-vorbis: bf7c407c2cedff20999df2af8eb42d56 -> 
========================================================================
Received Prepare
Registering precompiled user dll's ...
Registered in 0.028066 seconds.
Begin MonoManager ReloadAssembly
Native extension for WindowsStandalone target not found
Native extension for Android target not found
Refreshing native plugins compatible for Editor in 1.33 ms, found 3 plugins.
Preloading 0 native plugins for Editor in 0.00 ms.
Mono: successfully reloaded assembly
- Completed reload, in  9.068 seconds
Domain Reload Profiling:
	ReloadAssembly (9074ms)
		BeginReloadAssembly (1165ms)
			ExecutionOrderSort (0ms)
			DisableScriptedObjects (39ms)
			BackupInstance (0ms)
			ReleaseScriptingObjects (0ms)
			CreateAndSetChildDomain (184ms)
		EndReloadAssembly (6499ms)
			LoadAssemblies (690ms)
			RebuildTransferFunctionScriptingTraits (0ms)
			SetupTypeCache (1847ms)
			ReleaseScriptCaches (4ms)
			RebuildScriptCaches (345ms)
			SetupLoadedEditorAssemblies (2688ms)
				LogAssemblyErrors (0ms)
				InitializePlatformSupportModulesInManaged (68ms)
				SetLoadedEditorAssemblies (1ms)
				RefreshPlugins (1ms)
				BeforeProcessingInitializeOnLoad (644ms)
				ProcessInitializeOnLoadAttributes (1403ms)
				ProcessInitializeOnLoadMethodAttributes (463ms)
				AfterProcessingInitializeOnLoad (105ms)
				EditorAssembliesLoaded (2ms)
			ExecutionOrderSort2 (0ms)
			AwakeInstancesAfterBackupRestoration (40ms)
Platform modules already initialized, skipping
Refreshing native plugins compatible for Editor in 7.36 ms, found 3 plugins.
Preloading 0 native plugins for Editor in 0.00 ms.
Unloading 3401 Unused Serialized files (Serialized files now loaded: 0)
Unloading 18 unused Assets / (80.2 KB). Loaded Objects now: 3946.
Memory consumption went from 139.0 MB to 138.9 MB.
Total: 11.752000 ms (FindLiveObjects: 0.627600 ms CreateObjectMapping: 0.487300 ms MarkObjects: 10.426500 ms  DeleteObjects: 0.208200 ms)

AssetImportParameters requested are different than current active one (requested -> active):
  custom:video-decoder-ogg-theora: a1e56fd34408186e4bbccfd4996cb3dc -> 
  custom:container-muxer-webm: aa71ff27fc2769a1b78a27578f13a17b -> 
  custom:container-demuxer-webm: 4f35f7cbe854078d1ac9338744f61a02 -> 
  custom:video-encoder-webm-vp8: eb34c28f22e8b96e1ab97ce403110664 -> 
  custom:audio-encoder-webm-vorbis: bf7c407c2cedff20999df2af8eb42d56 -> 
  custom:framework-win-MediaFoundation: 216162199b28c13a410421893ffa2e32 -> 
  custom:container-demuxer-ogg: 62fdf1f143b41e24485cea50d1cbac27 -> 
  custom:video-decoder-webm-vp8: 9c59270c3fd7afecdb556c50c9e8de78 -> 
  custom:audio-decoder-ogg-vorbis: bf7c407c2cedff20999df2af8eb42d56 -> 
